mode: atomic
github.com/n24q02m/skret/internal/provider/aws/auth.go:13.85,16.18 2 2
github.com/n24q02m/skret/internal/provider/aws/auth.go:16.18,18.3 1 1
github.com/n24q02m/skret/internal/provider/aws/auth.go:19.2,19.19 1 2
github.com/n24q02m/skret/internal/provider/aws/auth.go:19.19,21.3 1 1
github.com/n24q02m/skret/internal/provider/aws/auth.go:23.2,24.16 2 2
github.com/n24q02m/skret/internal/provider/aws/auth.go:24.16,26.3 1 1
github.com/n24q02m/skret/internal/provider/aws/auth.go:28.2,28.17 1 1
github.com/n24q02m/skret/internal/provider/aws/aws.go:30.71,33.16 2 2
github.com/n24q02m/skret/internal/provider/aws/aws.go:33.16,35.3 1 1
github.com/n24q02m/skret/internal/provider/aws/aws.go:37.2,38.55 2 1
github.com/n24q02m/skret/internal/provider/aws/aws.go:42.75,44.2 1 29
github.com/n24q02m/skret/internal/provider/aws/aws.go:46.34,46.50 1 1
github.com/n24q02m/skret/internal/provider/aws/aws.go:48.57,56.2 1 1
github.com/n24q02m/skret/internal/provider/aws/aws.go:58.83,63.16 2 8
github.com/n24q02m/skret/internal/provider/aws/aws.go:63.16,65.3 1 3
github.com/n24q02m/skret/internal/provider/aws/aws.go:67.2,73.35 3 5
github.com/n24q02m/skret/internal/provider/aws/aws.go:73.35,75.3 1 3
github.com/n24q02m/skret/internal/provider/aws/aws.go:76.2,76.15 1 5
github.com/n24q02m/skret/internal/provider/aws/aws.go:79.93,80.22 1 5
github.com/n24q02m/skret/internal/provider/aws/aws.go:80.22,82.3 1 1
github.com/n24q02m/skret/internal/provider/aws/aws.go:83.2,86.6 3 5
github.com/n24q02m/skret/internal/provider/aws/aws.go:86.6,93.17 2 8
github.com/n24q02m/skret/internal/provider/aws/aws.go:93.17,95.4 1 1
github.com/n24q02m/skret/internal/provider/aws/aws.go:97.3,97.36 1 7
github.com/n24q02m/skret/internal/provider/aws/aws.go:97.36,104.37 3 9
github.com/n24q02m/skret/internal/provider/aws/aws.go:104.37,106.5 1 1
github.com/n24q02m/skret/internal/provider/aws/aws.go:107.4,107.32 1 9
github.com/n24q02m/skret/internal/provider/aws/aws.go:110.3,110.30 1 7
github.com/n24q02m/skret/internal/provider/aws/aws.go:110.30,111.9 1 4
github.com/n24q02m/skret/internal/provider/aws/aws.go:113.3,113.31 1 3
github.com/n24q02m/skret/internal/provider/aws/aws.go:115.2,115.21 1 4
github.com/n24q02m/skret/internal/provider/aws/aws.go:118.103,125.28 2 7
github.com/n24q02m/skret/internal/provider/aws/aws.go:125.28,127.3 1 2
github.com/n24q02m/skret/internal/provider/aws/aws.go:128.2,128.24 1 7
github.com/n24q02m/skret/internal/provider/aws/aws.go:128.24,129.31 1 2
github.com/n24q02m/skret/internal/provider/aws/aws.go:129.31,134.4 1 3
github.com/n24q02m/skret/internal/provider/aws/aws.go:137.2,138.16 2 7
github.com/n24q02m/skret/internal/provider/aws/aws.go:138.16,140.3 1 2
github.com/n24q02m/skret/internal/provider/aws/aws.go:141.2,141.12 1 5
github.com/n24q02m/skret/internal/provider/aws/aws.go:144.66,148.16 2 3
github.com/n24q02m/skret/internal/provider/aws/aws.go:148.16,150.3 1 2
github.com/n24q02m/skret/internal/provider/aws/aws.go:151.2,151.12 1 1
github.com/n24q02m/skret/internal/provider/aws/aws.go:154.92,158.6 3 8
github.com/n24q02m/skret/internal/provider/aws/aws.go:158.6,164.17 2 9
github.com/n24q02m/skret/internal/provider/aws/aws.go:164.17,166.4 1 3
github.com/n24q02m/skret/internal/provider/aws/aws.go:168.3,168.36 1 6
github.com/n24q02m/skret/internal/provider/aws/aws.go:168.36,175.37 3 8
github.com/n24q02m/skret/internal/provider/aws/aws.go:175.37,177.5 1 4
github.com/n24q02m/skret/internal/provider/aws/aws.go:178.4,178.32 1 8
github.com/n24q02m/skret/internal/provider/aws/aws.go:181.3,181.30 1 6
github.com/n24q02m/skret/internal/provider/aws/aws.go:181.30,182.9 1 5
github.com/n24q02m/skret/internal/provider/aws/aws.go:184.3,184.31 1 1
github.com/n24q02m/skret/internal/provider/aws/aws.go:186.2,186.21 1 5
github.com/n24q02m/skret/internal/provider/aws/aws.go:189.83,191.16 2 4
github.com/n24q02m/skret/internal/provider/aws/aws.go:191.16,193.3 1 1
github.com/n24q02m/skret/internal/provider/aws/aws.go:194.2,195.28 2 3
github.com/n24q02m/skret/internal/provider/aws/aws.go:195.28,196.27 1 3
github.com/n24q02m/skret/internal/provider/aws/aws.go:196.27,198.9 2 2
github.com/n24q02m/skret/internal/provider/aws/aws.go:201.2,201.18 1 3
github.com/n24q02m/skret/internal/provider/aws/aws.go:201.18,203.3 1 1
github.com/n24q02m/skret/internal/provider/aws/aws.go:204.2,204.49 1 2
github.com/n24q02m/skret/internal/provider/aws/aws.go:207.34,207.48 1 12
github.com/n24q02m/skret/internal/provider/aws/errors.go:11.48,13.31 2 16
github.com/n24q02m/skret/internal/provider/aws/errors.go:13.31,15.3 1 6
github.com/n24q02m/skret/internal/provider/aws/errors.go:17.2,18.36 2 10
github.com/n24q02m/skret/internal/provider/aws/errors.go:18.36,20.3 1 1
github.com/n24q02m/skret/internal/provider/aws/errors.go:22.2,22.51 1 9
